app/build/intermediates/manifest_merge_blame_file/release/manifest-merger-blame-release-report.txt
1<?xml version="1.0" encoding="utf-8"?>
2<manifest xmlns:android="http://schemas.android.com/apk/res/android"
3    package="com.example.decodeTest"
4    android:versionCode="2"
5    android:versionName="20240105122139" >
6
7    <uses-sdk
8        android:minSdkVersion="19"
8-->src\main\AndroidManifest.xml
9        android:targetSdkVersion="23" />
9-->src\main\AndroidManifest.xml
10
11    <uses-permission android:name="android.permission.CAMERA" />
11-->src\main\AndroidManifest.xml:8:5-65
11-->src\main\AndroidManifest.xml:8:22-62
12    <uses-permission android:name="android.premission.ACCESS_FRONT_CAMERA" />
12-->src\main\AndroidManifest.xml:9:5-78
12-->src\main\AndroidManifest.xml:9:22-75
13    <uses-permission android:name="android.permission.FLASHLIGHT" />
13-->src\main\AndroidManifest.xml:10:5-69
13-->src\main\AndroidManifest.xml:10:22-66
14    <uses-permission android:name="android.permission.VIBRATE" />
14-->src\main\AndroidManifest.xml:11:5-66
14-->src\main\AndroidManifest.xml:11:22-63
15    <uses-permission android:name="android.permission.WRITE_EXTERNAL_STORAGE" />
15-->src\main\AndroidManifest.xml:12:5-80
15-->src\main\AndroidManifest.xml:12:22-78
16
17    <!-- get devide feature need these permission******begin -->
18    <uses-permission android:name="android.permission.ACCESS_WIFI_STATE" />
18-->src\main\AndroidManifest.xml:15:5-76
18-->src\main\AndroidManifest.xml:15:22-73
19    <uses-permission android:name="android.permission.CHANGE_WIFI_STATE" />
19-->src\main\AndroidManifest.xml:16:5-76
19-->src\main\AndroidManifest.xml:16:22-73
20    <uses-permission android:name="android.permission.READ_PHONE_STATE" />
20-->src\main\AndroidManifest.xml:17:5-75
20-->src\main\AndroidManifest.xml:17:22-72
21    <uses-permission android:name="android.permission.ACCESS_NETWORK_STATE" />
21-->src\main\AndroidManifest.xml:18:5-79
21-->src\main\AndroidManifest.xml:18:22-76
22    <uses-permission android:name="android.permission.INTERNET" />
22-->src\main\AndroidManifest.xml:19:5-66
22-->src\main\AndroidManifest.xml:19:22-64
23    <!-- get devide feature need these permission******end -->
24
25    <uses-feature android:name="android.hardware.camera" />
25-->src\main\AndroidManifest.xml:22:5-60
25-->src\main\AndroidManifest.xml:22:19-57
26    <uses-feature android:name="android.hardware.camera.autofocus" />
26-->src\main\AndroidManifest.xml:23:5-70
26-->src\main\AndroidManifest.xml:23:19-67
27
28    <application
28-->src\main\AndroidManifest.xml:25:5-50:19
29        android:allowBackup="true"
29-->src\main\AndroidManifest.xml:26:9-35
30        android:icon="@drawable/ic_launcher"
30-->src\main\AndroidManifest.xml:27:9-45
31        android:label="@string/app_name"
31-->src\main\AndroidManifest.xml:28:9-41
32        android:theme="@style/AppTheme" >
32-->src\main\AndroidManifest.xml:29:9-40
33        <activity
33-->src\main\AndroidManifest.xml:31:9-39:20
34            android:name="com.example.activity.MainActivity"
34-->src\main\AndroidManifest.xml:32:13-61
35            android:label="@string/app_name" >
35-->src\main\AndroidManifest.xml:33:13-45
36            <intent-filter>
36-->src\main\AndroidManifest.xml:34:13-38:29
37                <action android:name="android.intent.action.MAIN" />
37-->src\main\AndroidManifest.xml:35:17-69
37-->src\main\AndroidManifest.xml:35:25-66
38
39                <category android:name="android.intent.category.LAUNCHER" />
39-->src\main\AndroidManifest.xml:37:17-77
39-->src\main\AndroidManifest.xml:37:27-74
40            </intent-filter>
41        </activity>
42        <activity
42-->src\main\AndroidManifest.xml:40:9-42:72
43            android:name="com.example.activity.CaptureActivity"
43-->src\main\AndroidManifest.xml:40:19-70
44            android:configChanges="orientation|keyboardHidden"
44-->src\main\AndroidManifest.xml:42:19-69
45            android:label="CaptureActivity" />
45-->src\main\AndroidManifest.xml:41:19-50
46        <activity
46-->src\main\AndroidManifest.xml:43:9-45:72
47            android:name="com.example.activity.LicenseActivity"
47-->src\main\AndroidManifest.xml:43:19-70
48            android:configChanges="orientation|keyboardHidden"
48-->src\main\AndroidManifest.xml:45:19-69
49            android:label="ActivateLicenseActivity" />
49-->src\main\AndroidManifest.xml:44:19-58
50        <activity
50-->src\main\AndroidManifest.xml:46:9-48:72
51            android:name="com.example.activity.GetFeatureActivity"
51-->src\main\AndroidManifest.xml:46:19-73
52            android:configChanges="orientation|keyboardHidden"
52-->src\main\AndroidManifest.xml:48:19-69
53            android:label="ActivateGetFeatureActivity" />
53-->src\main\AndroidManifest.xml:47:19-61
54        <activity android:name="com.example.activity.SettingsActivity" />
54-->src\main\AndroidManifest.xml:49:9-73
54-->src\main\AndroidManifest.xml:49:19-71
55    </application>
56
57</manifest>